mode: set
github.com/gambarini/flip-shop/internal/model/promotion/discount.go:19.203,23.9 2 1
github.com/gambarini/flip-shop/internal/model/promotion/discount.go:23.9,25.3 1 0
github.com/gambarini/flip-shop/internal/model/promotion/discount.go:27.2,29.42 2 1
github.com/gambarini/flip-shop/internal/model/promotion/discount.go:29.42,34.14 4 1
github.com/gambarini/flip-shop/internal/model/promotion/discount.go:34.14,36.4 1 0
github.com/gambarini/flip-shop/internal/model/promotion/discount.go:37.3,37.14 1 1
github.com/gambarini/flip-shop/internal/model/promotion/discount.go:37.14,39.4 1 0
github.com/gambarini/flip-shop/internal/model/promotion/discount.go:40.3,40.49 1 1
github.com/gambarini/flip-shop/internal/model/promotion/discount.go:44.2,44.19 1 1
github.com/gambarini/flip-shop/internal/model/promotion/discount.go:44.19,46.3 1 1
github.com/gambarini/flip-shop/internal/model/promotion/discount.go:48.2,50.16 2 1
github.com/gambarini/flip-shop/internal/model/promotion/discount.go:50.16,52.3 1 0
github.com/gambarini/flip-shop/internal/model/promotion/discount.go:54.2,54.12 1 1
github.com/gambarini/flip-shop/internal/model/promotion/free.go:20.181,24.9 2 1
github.com/gambarini/flip-shop/internal/model/promotion/free.go:24.9,26.3 1 1
github.com/gambarini/flip-shop/internal/model/promotion/free.go:28.2,30.16 2 1
github.com/gambarini/flip-shop/internal/model/promotion/free.go:30.16,32.3 1 0
github.com/gambarini/flip-shop/internal/model/promotion/free.go:34.2,38.16 3 1
github.com/gambarini/flip-shop/internal/model/promotion/free.go:38.16,40.3 1 0
github.com/gambarini/flip-shop/internal/model/promotion/free.go:42.2,42.12 1 1
github.com/gambarini/flip-shop/internal/model/promotion/price.go:18.189,22.9 2 1
github.com/gambarini/flip-shop/internal/model/promotion/price.go:22.9,24.3 1 0
github.com/gambarini/flip-shop/internal/model/promotion/price.go:26.2,28.67 2 1
github.com/gambarini/flip-shop/internal/model/promotion/price.go:28.67,31.3 2 1
github.com/gambarini/flip-shop/internal/model/promotion/price.go:33.2,33.19 1 1
github.com/gambarini/flip-shop/internal/model/promotion/price.go:33.19,35.3 1 1
github.com/gambarini/flip-shop/internal/model/promotion/price.go:37.2,39.16 2 1
github.com/gambarini/flip-shop/internal/model/promotion/price.go:39.16,41.3 1 0
github.com/gambarini/flip-shop/internal/model/promotion/price.go:43.2,43.12 1 1
github.com/gambarini/flip-shop/internal/repo/cart.go:37.63,41.2 1 1
github.com/gambarini/flip-shop/internal/repo/cart.go:44.77,48.9 2 1
github.com/gambarini/flip-shop/internal/repo/cart.go:49.46,50.28 1 1
github.com/gambarini/flip-shop/internal/repo/cart.go:51.18,52.16 1 0
github.com/gambarini/flip-shop/internal/repo/cart.go:53.10,54.28 1 1
github.com/gambarini/flip-shop/internal/repo/cart.go:59.72,65.2 2 1
github.com/gambarini/flip-shop/internal/repo/item.go:39.63,43.2 1 1
github.com/gambarini/flip-shop/internal/repo/item.go:46.94,50.9 2 1
github.com/gambarini/flip-shop/internal/repo/item.go:51.46,52.28 1 1
github.com/gambarini/flip-shop/internal/repo/item.go:53.18,54.16 1 0
github.com/gambarini/flip-shop/internal/repo/item.go:55.10,56.28 1 1
github.com/gambarini/flip-shop/internal/repo/item.go:61.72,67.2 2 1
github.com/gambarini/flip-shop/internal/repo/item.go:70.61,72.16 2 0
github.com/gambarini/flip-shop/internal/repo/item.go:72.16,74.3 1 0
github.com/gambarini/flip-shop/internal/repo/item.go:75.2,76.25 2 0
github.com/gambarini/flip-shop/internal/repo/item.go:76.25,77.34 1 0
github.com/gambarini/flip-shop/internal/repo/item.go:77.34,79.4 1 0
github.com/gambarini/flip-shop/internal/repo/item.go:81.2,81.19 1 0
github.com/gambarini/flip-shop/internal/model/item/item.go:34.63,42.2 1 0
github.com/gambarini/flip-shop/internal/model/item/item.go:46.36,48.2 1 0
github.com/gambarini/flip-shop/internal/model/item/item.go:52.44,54.2 1 0
github.com/gambarini/flip-shop/internal/model/item/item.go:57.52,59.53 1 1
github.com/gambarini/flip-shop/internal/model/item/item.go:59.53,61.3 1 1
github.com/gambarini/flip-shop/internal/model/item/item.go:63.2,65.12 2 1
github.com/gambarini/flip-shop/internal/model/item/item.go:69.52,71.34 1 1
github.com/gambarini/flip-shop/internal/model/item/item.go:71.34,73.3 1 1
github.com/gambarini/flip-shop/internal/model/item/item.go:75.2,77.12 2 1
github.com/gambarini/flip-shop/internal/model/item/item.go:81.50,83.33 1 1
github.com/gambarini/flip-shop/internal/model/item/item.go:83.33,85.3 1 1
github.com/gambarini/flip-shop/internal/model/item/item.go:87.2,90.12 3 1
github.com/gambarini/flip-shop/utils/memdb/memdb.go:33.46,38.2 1 0
github.com/gambarini/flip-shop/utils/memdb/memdb.go:41.47,43.2 1 0
github.com/gambarini/flip-shop/utils/memdb/memdb.go:45.88,47.9 2 1
github.com/gambarini/flip-shop/utils/memdb/memdb.go:47.9,49.3 1 1
github.com/gambarini/flip-shop/utils/memdb/memdb.go:50.2,50.15 1 1
github.com/gambarini/flip-shop/utils/memdb/memdb.go:53.77,54.33 1 1
github.com/gambarini/flip-shop/utils/memdb/memdb.go:54.33,56.3 1 1
github.com/gambarini/flip-shop/utils/memdb/memdb.go:57.2,57.24 1 1
github.com/gambarini/flip-shop/utils/memdb/memdb.go:64.107,66.29 2 1
github.com/gambarini/flip-shop/utils/memdb/memdb.go:66.29,68.24 2 1
github.com/gambarini/flip-shop/utils/memdb/memdb.go:68.24,70.4 1 1
github.com/gambarini/flip-shop/utils/memdb/memdb.go:71.3,71.22 1 1
github.com/gambarini/flip-shop/utils/memdb/memdb.go:73.2,73.13 1 1
github.com/gambarini/flip-shop/utils/memdb/memdb.go:76.70,86.38 5 1
github.com/gambarini/flip-shop/utils/memdb/memdb.go:86.38,89.3 1 1
github.com/gambarini/flip-shop/utils/memdb/memdb.go:92.2,93.12 2 1
github.com/gambarini/flip-shop/utils/memdb/memdb.go:96.96,100.9 4 1
github.com/gambarini/flip-shop/utils/memdb/memdb.go:100.9,102.3 1 1
github.com/gambarini/flip-shop/utils/memdb/memdb.go:103.2,103.15 1 1
github.com/gambarini/flip-shop/utils/memdb/memdb.go:107.80,111.9 4 0
github.com/gambarini/flip-shop/utils/memdb/memdb.go:111.9,113.3 1 0
github.com/gambarini/flip-shop/utils/memdb/memdb.go:114.2,115.26 2 0
github.com/gambarini/flip-shop/utils/memdb/memdb.go:115.26,117.3 1 0
github.com/gambarini/flip-shop/utils/memdb/memdb.go:118.2,118.17 1 0
github.com/gambarini/flip-shop/internal/model/cart/cart.go:54.37,63.2 2 0
github.com/gambarini/flip-shop/internal/model/cart/cart.go:67.63,69.41 1 1
github.com/gambarini/flip-shop/internal/model/cart/cart.go:69.41,71.3 1 1
github.com/gambarini/flip-shop/internal/model/cart/cart.go:73.2,75.9 2 1
github.com/gambarini/flip-shop/internal/model/cart/cart.go:75.9,83.3 1 1
github.com/gambarini/flip-shop/internal/model/cart/cart.go:85.2,87.9 2 1
github.com/gambarini/flip-shop/internal/model/cart/cart.go:88.16,89.32 1 1
github.com/gambarini/flip-shop/internal/model/cart/cart.go:90.17,92.13 2 1
github.com/gambarini/flip-shop/internal/model/cart/cart.go:93.16,96.13 3 1
github.com/gambarini/flip-shop/internal/model/cart/cart.go:100.2,100.12 1 0
github.com/gambarini/flip-shop/internal/model/cart/cart.go:104.75,108.9 2 0
github.com/gambarini/flip-shop/internal/model/cart/cart.go:108.9,110.3 1 0
github.com/gambarini/flip-shop/internal/model/cart/cart.go:112.2,116.12 3 0
github.com/gambarini/flip-shop/internal/model/cart/cart.go:120.41,122.41 1 1
github.com/gambarini/flip-shop/internal/model/cart/cart.go:122.41,125.3 1 0
github.com/gambarini/flip-shop/internal/model/cart/cart.go:127.2,127.32 1 1
github.com/gambarini/flip-shop/internal/model/cart/cart.go:127.32,131.3 3 1
github.com/gambarini/flip-shop/internal/model/cart/cart.go:133.2,135.12 2 1
github.com/gambarini/flip-shop/utils/mcp/config.go:33.36,37.19 3 0
github.com/gambarini/flip-shop/utils/mcp/config.go:37.19,39.3 1 0
github.com/gambarini/flip-shop/utils/mcp/config.go:41.2,43.49 2 0
github.com/gambarini/flip-shop/utils/mcp/config.go:43.49,45.3 1 0
github.com/gambarini/flip-shop/utils/mcp/config.go:46.2,50.24 4 0
github.com/gambarini/flip-shop/utils/mcp/config.go:50.24,52.17 2 0
github.com/gambarini/flip-shop/utils/mcp/config.go:52.17,54.4 1 0
github.com/gambarini/flip-shop/utils/mcp/config.go:55.3,55.9 1 0
github.com/gambarini/flip-shop/utils/mcp/config.go:57.2,57.13 1 0
github.com/gambarini/flip-shop/utils/mcp/config.go:57.13,59.3 1 0
github.com/gambarini/flip-shop/utils/mcp/config.go:60.2,62.17 2 0
github.com/gambarini/flip-shop/utils/mcp/config.go:65.38,67.16 2 0
github.com/gambarini/flip-shop/utils/mcp/config.go:67.16,69.3 1 0
github.com/gambarini/flip-shop/utils/mcp/config.go:70.2,70.57 1 0
github.com/gambarini/flip-shop/utils/mcp/config.go:70.57,72.3 1 0
github.com/gambarini/flip-shop/utils/mcp/config.go:73.2,73.23 1 0
github.com/gambarini/flip-shop/utils/mcp/config.go:73.23,75.3 1 0
github.com/gambarini/flip-shop/utils/mcp/config.go:76.2,76.12 1 0
github.com/gambarini/flip-shop/utils/mcp/server.go:31.56,39.2 6 1
github.com/gambarini/flip-shop/utils/mcp/server.go:42.51,43.14 1 0
github.com/gambarini/flip-shop/utils/mcp/server.go:43.14,45.3 1 0
github.com/gambarini/flip-shop/utils/mcp/server.go:46.2,46.21 1 0
github.com/gambarini/flip-shop/utils/mcp/server.go:46.21,49.29 3 0
github.com/gambarini/flip-shop/utils/mcp/server.go:49.29,51.4 1 0
github.com/gambarini/flip-shop/utils/mcp/server.go:53.2,53.12 1 0
github.com/gambarini/flip-shop/utils/mcp/server.go:57.50,58.14 1 0
github.com/gambarini/flip-shop/utils/mcp/server.go:58.14,60.3 1 0
github.com/gambarini/flip-shop/utils/mcp/server.go:61.2,61.21 1 0
github.com/gambarini/flip-shop/utils/mcp/server.go:61.21,63.3 1 0
github.com/gambarini/flip-shop/utils/mcp/server.go:64.2,64.12 1 0
github.com/gambarini/flip-shop/utils/mcp/server.go:68.39,70.25 2 0
github.com/gambarini/flip-shop/utils/mcp/server.go:70.25,72.3 1 0
github.com/gambarini/flip-shop/utils/mcp/server.go:73.2,73.10 1 0
github.com/gambarini/flip-shop/utils/mcp/server.go:77.84,79.9 2 1
github.com/gambarini/flip-shop/utils/mcp/server.go:79.9,81.3 1 0
github.com/gambarini/flip-shop/utils/mcp/server.go:82.2,83.19 2 1
github.com/gambarini/flip-shop/utils/mcp/server.go:83.19,85.17 2 1
github.com/gambarini/flip-shop/utils/mcp/server.go:85.17,87.4 1 0
github.com/gambarini/flip-shop/utils/mcp/server.go:88.3,88.10 1 1
github.com/gambarini/flip-shop/utils/mcp/server.go:90.2,91.21 2 1
github.com/gambarini/flip-shop/utils/mcp/server.go:91.21,93.3 1 1
github.com/gambarini/flip-shop/utils/mcp/server.go:94.2,96.21 3 1
github.com/gambarini/flip-shop/utils/mcp/server.go:96.21,97.17 1 1
github.com/gambarini/flip-shop/utils/mcp/server.go:97.17,99.4 1 1
github.com/gambarini/flip-shop/utils/mcp/server.go:99.9,101.4 1 1
github.com/gambarini/flip-shop/utils/mcp/server.go:103.2,103.17 1 1
github.com/gambarini/flip-shop/utils/mcp/server.go:125.88,127.16 2 1
github.com/gambarini/flip-shop/utils/mcp/server.go:127.16,129.3 1 0
github.com/gambarini/flip-shop/utils/mcp/server.go:130.2,130.35 1 1
github.com/gambarini/flip-shop/utils/mcp/server.go:130.35,132.3 1 1
github.com/gambarini/flip-shop/utils/mcp/server.go:133.2,134.52 2 1
github.com/gambarini/flip-shop/utils/mcp/server.go:134.52,136.3 1 0
github.com/gambarini/flip-shop/utils/mcp/server.go:137.2,137.38 1 1
github.com/gambarini/flip-shop/utils/mcp/server.go:140.95,142.48 2 1
github.com/gambarini/flip-shop/utils/mcp/server.go:142.48,144.3 1 0
github.com/gambarini/flip-shop/utils/mcp/server.go:145.2,145.49 1 1
github.com/gambarini/flip-shop/utils/mcp/server.go:145.49,147.3 1 1
github.com/gambarini/flip-shop/utils/mcp/server.go:148.2,150.16 3 1
github.com/gambarini/flip-shop/utils/mcp/server.go:150.16,152.3 1 0
github.com/gambarini/flip-shop/utils/mcp/server.go:153.2,153.35 1 1
github.com/gambarini/flip-shop/utils/mcp/server.go:153.35,155.3 1 0
github.com/gambarini/flip-shop/utils/mcp/server.go:156.2,157.52 2 1
github.com/gambarini/flip-shop/utils/mcp/server.go:157.52,159.3 1 0
github.com/gambarini/flip-shop/utils/mcp/server.go:160.2,160.38 1 1
github.com/gambarini/flip-shop/utils/mcp/server.go:163.98,165.48 2 1
github.com/gambarini/flip-shop/utils/mcp/server.go:165.48,167.3 1 0
github.com/gambarini/flip-shop/utils/mcp/server.go:168.2,168.49 1 1
github.com/gambarini/flip-shop/utils/mcp/server.go:168.49,170.3 1 0
github.com/gambarini/flip-shop/utils/mcp/server.go:171.2,173.16 3 1
github.com/gambarini/flip-shop/utils/mcp/server.go:173.16,175.3 1 0
github.com/gambarini/flip-shop/utils/mcp/server.go:176.2,176.35 1 1
github.com/gambarini/flip-shop/utils/mcp/server.go:176.35,178.3 1 0
github.com/gambarini/flip-shop/utils/mcp/server.go:179.2,180.52 2 1
github.com/gambarini/flip-shop/utils/mcp/server.go:180.52,182.3 1 0
github.com/gambarini/flip-shop/utils/mcp/server.go:183.2,183.38 1 1
github.com/gambarini/flip-shop/utils/mcp/server.go:186.90,188.48 2 1
github.com/gambarini/flip-shop/utils/mcp/server.go:188.48,190.3 1 0
github.com/gambarini/flip-shop/utils/mcp/server.go:191.2,191.20 1 1
github.com/gambarini/flip-shop/utils/mcp/server.go:191.20,193.3 1 1
github.com/gambarini/flip-shop/utils/mcp/server.go:194.2,195.16 2 1
github.com/gambarini/flip-shop/utils/mcp/server.go:195.16,197.3 1 0
github.com/gambarini/flip-shop/utils/mcp/server.go:198.2,198.35 1 1
github.com/gambarini/flip-shop/utils/mcp/server.go:198.35,200.3 1 0
github.com/gambarini/flip-shop/utils/mcp/server.go:201.2,202.52 2 1
github.com/gambarini/flip-shop/utils/mcp/server.go:202.52,204.3 1 0
github.com/gambarini/flip-shop/utils/mcp/server.go:205.2,205.38 1 1
github.com/gambarini/flip-shop/utils/mcp/server.go:209.109,211.16 2 1
github.com/gambarini/flip-shop/utils/mcp/server.go:211.16,213.3 1 0
github.com/gambarini/flip-shop/utils/mcp/server.go:214.2,217.20 3 1
github.com/gambarini/flip-shop/utils/mcp/server.go:217.20,219.17 2 1
github.com/gambarini/flip-shop/utils/mcp/server.go:219.17,221.4 1 0
github.com/gambarini/flip-shop/utils/mcp/server.go:222.3,222.28 1 1
github.com/gambarini/flip-shop/utils/mcp/server.go:225.2,226.16 2 1
github.com/gambarini/flip-shop/utils/mcp/server.go:226.16,228.3 1 0
github.com/gambarini/flip-shop/utils/mcp/server.go:229.2,229.20 1 1
github.com/gambarini/flip-shop/utils/mcp/server.go:229.20,231.3 1 1
github.com/gambarini/flip-shop/utils/mcp/server.go:232.2,235.16 3 1
github.com/gambarini/flip-shop/utils/mcp/server.go:235.16,237.3 1 0
github.com/gambarini/flip-shop/utils/mcp/server.go:238.2,240.16 3 1
github.com/gambarini/flip-shop/utils/mcp/server.go:240.16,242.3 1 0
github.com/gambarini/flip-shop/utils/mcp/server.go:243.2,243.39 1 1
github.com/gambarini/flip-shop/utils/mcp/server.go:254.35,255.14 1 0
github.com/gambarini/flip-shop/utils/mcp/server.go:255.14,257.3 1 0
github.com/gambarini/flip-shop/utils/mcp/server.go:258.2,258.71 1 0
github.com/gambarini/flip-shop/utils/mcp/server.go:262.55,264.16 2 1
github.com/gambarini/flip-shop/utils/mcp/server.go:265.27,266.79 1 1
github.com/gambarini/flip-shop/utils/mcp/server.go:267.38,268.86 1 1
github.com/gambarini/flip-shop/utils/mcp/server.go:269.10,270.78 1 1
github.com/gambarini/flip-shop/utils/mcp/server.go:285.51,363.2 8 0
github.com/gambarini/flip-shop/internal/route/cart.go:11.85,13.67 1 1
github.com/gambarini/flip-shop/internal/route/cart.go:13.67,17.50 2 1
github.com/gambarini/flip-shop/internal/route/cart.go:17.50,19.54 1 1
github.com/gambarini/flip-shop/internal/route/cart.go:19.54,21.5 1 0
github.com/gambarini/flip-shop/internal/route/cart.go:23.4,23.14 1 1
github.com/gambarini/flip-shop/internal/route/cart.go:26.3,26.17 1 1
github.com/gambarini/flip-shop/internal/route/cart.go:26.17,31.4 4 0
github.com/gambarini/flip-shop/internal/route/cart.go:33.3,33.57 1 1
github.com/gambarini/flip-shop/internal/route/cart_get.go:16.84,17.54 1 1
github.com/gambarini/flip-shop/internal/route/cart_get.go:17.54,21.52 2 1
github.com/gambarini/flip-shop/internal/route/cart_get.go:21.52,24.4 2 1
github.com/gambarini/flip-shop/internal/route/cart_get.go:27.3,28.17 2 1
github.com/gambarini/flip-shop/internal/route/cart_get.go:28.17,30.4 1 1
github.com/gambarini/flip-shop/internal/route/cart_get.go:32.3,32.10 1 1
github.com/gambarini/flip-shop/internal/route/cart_get.go:33.45,35.10 2 1
github.com/gambarini/flip-shop/internal/route/cart_get.go:36.19,38.10 2 0
github.com/gambarini/flip-shop/internal/route/cart_get.go:41.3,41.43 1 1
github.com/gambarini/flip-shop/internal/route/health.go:11.52,12.54 1 1
github.com/gambarini/flip-shop/internal/route/health.go:12.54,20.3 3 0
github.com/gambarini/flip-shop/internal/route/items.go:34.86,35.54 1 1
github.com/gambarini/flip-shop/internal/route/items.go:35.54,37.17 2 1
github.com/gambarini/flip-shop/internal/route/items.go:37.17,40.4 2 0
github.com/gambarini/flip-shop/internal/route/items.go:42.3,42.41 1 1
github.com/gambarini/flip-shop/internal/route/items.go:42.41,42.95 1 1
github.com/gambarini/flip-shop/internal/route/items.go:43.3,43.43 1 1
github.com/gambarini/flip-shop/internal/route/items.go:48.84,49.54 1 1
github.com/gambarini/flip-shop/internal/route/items.go:49.54,51.16 2 0
github.com/gambarini/flip-shop/internal/route/items.go:51.16,54.4 2 0
github.com/gambarini/flip-shop/internal/route/items.go:56.3,57.50 2 0
github.com/gambarini/flip-shop/internal/route/items.go:57.50,59.18 2 0
github.com/gambarini/flip-shop/internal/route/items.go:59.18,61.5 1 0
github.com/gambarini/flip-shop/internal/route/items.go:62.4,63.14 2 0
github.com/gambarini/flip-shop/internal/route/items.go:66.3,66.10 1 0
github.com/gambarini/flip-shop/internal/route/items.go:67.45,69.10 2 0
github.com/gambarini/flip-shop/internal/route/items.go:70.19,72.10 2 0
github.com/gambarini/flip-shop/internal/route/items.go:75.3,75.43 1 0
github.com/gambarini/flip-shop/internal/route/items.go:80.85,81.54 1 1
github.com/gambarini/flip-shop/internal/route/items.go:81.54,85.46 4 0
github.com/gambarini/flip-shop/internal/route/items.go:85.46,88.4 2 0
github.com/gambarini/flip-shop/internal/route/items.go:91.3,91.24 1 0
github.com/gambarini/flip-shop/internal/route/items.go:91.24,94.4 2 0
github.com/gambarini/flip-shop/internal/route/items.go:95.3,95.24 1 0
github.com/gambarini/flip-shop/internal/route/items.go:95.24,98.4 2 0
github.com/gambarini/flip-shop/internal/route/items.go:99.3,99.22 1 0
github.com/gambarini/flip-shop/internal/route/items.go:99.22,102.4 2 0
github.com/gambarini/flip-shop/internal/route/items.go:104.3,105.53 2 0
github.com/gambarini/flip-shop/internal/route/items.go:105.53,108.18 2 0
github.com/gambarini/flip-shop/internal/route/items.go:108.18,110.5 1 0
github.com/gambarini/flip-shop/internal/route/items.go:111.4,111.45 1 0
github.com/gambarini/flip-shop/internal/route/items.go:111.45,113.5 1 0
github.com/gambarini/flip-shop/internal/route/items.go:115.4,116.33 2 0
github.com/gambarini/flip-shop/internal/route/items.go:117.18,119.82 1 0
github.com/gambarini/flip-shop/internal/route/items.go:119.82,122.5 2 0
github.com/gambarini/flip-shop/internal/route/items.go:123.4,124.10 2 0
github.com/gambarini/flip-shop/internal/route/items.go:127.3,127.45 1 0
github.com/gambarini/flip-shop/internal/route/items.go:132.84,133.54 1 1
github.com/gambarini/flip-shop/internal/route/items.go:133.54,135.16 2 0
github.com/gambarini/flip-shop/internal/route/items.go:135.16,138.4 2 0
github.com/gambarini/flip-shop/internal/route/items.go:140.3,143.46 4 0
github.com/gambarini/flip-shop/internal/route/items.go:143.46,146.4 2 0
github.com/gambarini/flip-shop/internal/route/items.go:147.3,147.22 1 0
github.com/gambarini/flip-shop/internal/route/items.go:147.22,150.4 2 0
github.com/gambarini/flip-shop/internal/route/items.go:152.3,153.53 2 0
github.com/gambarini/flip-shop/internal/route/items.go:153.53,155.18 2 0
github.com/gambarini/flip-shop/internal/route/items.go:155.18,157.5 1 0
github.com/gambarini/flip-shop/internal/route/items.go:158.4,160.33 3 0
github.com/gambarini/flip-shop/internal/route/items.go:161.18,162.11 1 0
github.com/gambarini/flip-shop/internal/route/items.go:163.46,165.11 2 0
github.com/gambarini/flip-shop/internal/route/items.go:166.12,168.11 2 0
github.com/gambarini/flip-shop/internal/route/items.go:172.3,172.40 1 0
github.com/gambarini/flip-shop/internal/route/items.go:177.89,178.54 1 1
github.com/gambarini/flip-shop/internal/route/items.go:178.54,180.16 2 0
github.com/gambarini/flip-shop/internal/route/items.go:180.16,183.4 2 0
github.com/gambarini/flip-shop/internal/route/items.go:185.3,188.46 4 0
github.com/gambarini/flip-shop/internal/route/items.go:188.46,191.4 2 0
github.com/gambarini/flip-shop/internal/route/items.go:192.3,192.24 1 0
github.com/gambarini/flip-shop/internal/route/items.go:192.24,195.4 2 0
github.com/gambarini/flip-shop/internal/route/items.go:197.3,198.53 2 0
github.com/gambarini/flip-shop/internal/route/items.go:198.53,200.18 2 0
github.com/gambarini/flip-shop/internal/route/items.go:200.18,202.5 1 0
github.com/gambarini/flip-shop/internal/route/items.go:203.4,205.33 3 0
github.com/gambarini/flip-shop/internal/route/items.go:206.18,207.11 1 0
github.com/gambarini/flip-shop/internal/route/items.go:208.46,210.11 2 0
github.com/gambarini/flip-shop/internal/route/items.go:211.12,213.11 2 0
github.com/gambarini/flip-shop/internal/route/items.go:217.3,217.40 1 0
github.com/gambarini/flip-shop/internal/route/purchase.go:21.116,23.67 1 1
github.com/gambarini/flip-shop/internal/route/purchase.go:23.67,29.17 3 1
github.com/gambarini/flip-shop/internal/route/purchase.go:29.17,30.35 1 0
github.com/gambarini/flip-shop/internal/route/purchase.go:30.35,33.5 2 0
github.com/gambarini/flip-shop/internal/route/purchase.go:34.4,35.10 2 0
github.com/gambarini/flip-shop/internal/route/purchase.go:38.3,41.47 4 1
github.com/gambarini/flip-shop/internal/route/purchase.go:41.47,44.4 2 0
github.com/gambarini/flip-shop/internal/route/purchase.go:46.3,46.25 1 1
github.com/gambarini/flip-shop/internal/route/purchase.go:46.25,49.4 2 0
github.com/gambarini/flip-shop/internal/route/purchase.go:50.3,50.24 1 1
github.com/gambarini/flip-shop/internal/route/purchase.go:50.24,53.4 2 1
github.com/gambarini/flip-shop/internal/route/purchase.go:55.3,55.49 1 1
github.com/gambarini/flip-shop/internal/route/purchase.go:55.49,59.18 2 1
github.com/gambarini/flip-shop/internal/route/purchase.go:59.18,61.5 1 0
github.com/gambarini/flip-shop/internal/route/purchase.go:63.4,65.18 2 1
github.com/gambarini/flip-shop/internal/route/purchase.go:65.18,67.5 1 1
github.com/gambarini/flip-shop/internal/route/purchase.go:69.4,71.18 2 1
github.com/gambarini/flip-shop/internal/route/purchase.go:71.18,73.5 1 0
github.com/gambarini/flip-shop/internal/route/purchase.go:75.4,75.55 1 1
github.com/gambarini/flip-shop/internal/route/purchase.go:75.55,77.5 1 0
github.com/gambarini/flip-shop/internal/route/purchase.go:79.4,79.51 1 1
github.com/gambarini/flip-shop/internal/route/purchase.go:79.51,81.5 1 0
github.com/gambarini/flip-shop/internal/route/purchase.go:83.4,83.14 1 1
github.com/gambarini/flip-shop/internal/route/purchase.go:86.3,86.10 1 1
github.com/gambarini/flip-shop/internal/route/purchase.go:87.36,89.10 2 0
github.com/gambarini/flip-shop/internal/route/purchase.go:90.51,92.10 2 1
github.com/gambarini/flip-shop/internal/route/purchase.go:93.43,95.10 2 0
github.com/gambarini/flip-shop/internal/route/purchase.go:96.19,98.10 2 0
github.com/gambarini/flip-shop/internal/route/purchase.go:101.3,101.53 1 1
github.com/gambarini/flip-shop/internal/route/remove.go:21.114,23.67 1 1
github.com/gambarini/flip-shop/internal/route/remove.go:23.67,29.17 3 1
github.com/gambarini/flip-shop/internal/route/remove.go:29.17,30.35 1 1
github.com/gambarini/flip-shop/internal/route/remove.go:30.35,33.5 2 1
github.com/gambarini/flip-shop/internal/route/remove.go:34.4,35.10 2 0
github.com/gambarini/flip-shop/internal/route/remove.go:38.3,41.47 4 1
github.com/gambarini/flip-shop/internal/route/remove.go:41.47,44.4 2 0
github.com/gambarini/flip-shop/internal/route/remove.go:45.3,45.25 1 1
github.com/gambarini/flip-shop/internal/route/remove.go:45.25,48.4 2 0
github.com/gambarini/flip-shop/internal/route/remove.go:49.3,49.24 1 1
github.com/gambarini/flip-shop/internal/route/remove.go:49.24,52.4 2 1
github.com/gambarini/flip-shop/internal/route/remove.go:54.3,54.49 1 1
github.com/gambarini/flip-shop/internal/route/remove.go:54.49,58.18 2 1
github.com/gambarini/flip-shop/internal/route/remove.go:58.18,60.5 1 0
github.com/gambarini/flip-shop/internal/route/remove.go:62.4,64.18 2 1
github.com/gambarini/flip-shop/internal/route/remove.go:64.18,66.5 1 0
github.com/gambarini/flip-shop/internal/route/remove.go:68.4,70.18 2 1
github.com/gambarini/flip-shop/internal/route/remove.go:70.18,72.5 1 0
github.com/gambarini/flip-shop/internal/route/remove.go:74.4,74.55 1 1
github.com/gambarini/flip-shop/internal/route/remove.go:74.55,76.5 1 0
github.com/gambarini/flip-shop/internal/route/remove.go:78.4,78.51 1 1
github.com/gambarini/flip-shop/internal/route/remove.go:78.51,80.5 1 0
github.com/gambarini/flip-shop/internal/route/remove.go:82.4,82.14 1 1
github.com/gambarini/flip-shop/internal/route/remove.go:85.3,85.10 1 1
github.com/gambarini/flip-shop/internal/route/remove.go:86.36,88.10 2 0
github.com/gambarini/flip-shop/internal/route/remove.go:89.46,91.10 2 0
github.com/gambarini/flip-shop/internal/route/remove.go:92.43,94.10 2 0
github.com/gambarini/flip-shop/internal/route/remove.go:95.19,97.10 2 0
github.com/gambarini/flip-shop/internal/route/remove.go:100.3,100.53 1 1
github.com/gambarini/flip-shop/internal/route/route.go:11.140,14.80 1 1
github.com/gambarini/flip-shop/internal/route/route.go:14.80,16.3 1 0
github.com/gambarini/flip-shop/internal/route/route.go:17.2,17.80 1 1
github.com/gambarini/flip-shop/internal/route/route.go:17.80,19.3 1 0
github.com/gambarini/flip-shop/internal/route/route.go:20.2,20.84 1 1
github.com/gambarini/flip-shop/internal/route/route.go:20.84,22.3 1 0
github.com/gambarini/flip-shop/internal/route/route.go:23.2,23.95 1 1
github.com/gambarini/flip-shop/internal/route/route.go:23.95,25.3 1 0
github.com/gambarini/flip-shop/internal/route/route.go:26.2,26.84 1 1
github.com/gambarini/flip-shop/internal/route/route.go:26.84,28.3 1 0
github.com/gambarini/flip-shop/internal/route/route.go:30.2,30.79 1 1
github.com/gambarini/flip-shop/internal/route/route.go:30.79,32.3 1 0
github.com/gambarini/flip-shop/internal/route/route.go:33.2,33.106 1 1
github.com/gambarini/flip-shop/internal/route/route.go:33.106,35.3 1 0
github.com/gambarini/flip-shop/internal/route/route.go:36.2,36.107 1 1
github.com/gambarini/flip-shop/internal/route/route.go:36.107,38.3 1 0
github.com/gambarini/flip-shop/internal/route/route.go:39.2,39.124 1 1
github.com/gambarini/flip-shop/internal/route/route.go:39.124,41.3 1 0
github.com/gambarini/flip-shop/internal/route/route.go:43.2,43.86 1 1
github.com/gambarini/flip-shop/internal/route/route.go:43.86,45.3 1 0
github.com/gambarini/flip-shop/internal/route/route.go:46.2,46.68 1 1
github.com/gambarini/flip-shop/internal/route/route.go:46.68,48.3 1 0
github.com/gambarini/flip-shop/internal/route/route.go:50.2,50.12 1 1
github.com/gambarini/flip-shop/internal/route/submit.go:15.148,17.67 1 1
github.com/gambarini/flip-shop/internal/route/submit.go:17.67,23.17 3 1
github.com/gambarini/flip-shop/internal/route/submit.go:23.17,24.44 1 0
github.com/gambarini/flip-shop/internal/route/submit.go:24.44,27.5 2 0
github.com/gambarini/flip-shop/internal/route/submit.go:28.4,29.10 2 0
github.com/gambarini/flip-shop/internal/route/submit.go:32.3,32.49 1 1
github.com/gambarini/flip-shop/internal/route/submit.go:32.49,34.33 1 1
github.com/gambarini/flip-shop/internal/route/submit.go:34.33,38.65 1 1
github.com/gambarini/flip-shop/internal/route/submit.go:38.65,40.6 1 1
github.com/gambarini/flip-shop/internal/route/submit.go:43.4,43.44 1 1
github.com/gambarini/flip-shop/internal/route/submit.go:43.44,47.19 2 1
github.com/gambarini/flip-shop/internal/route/submit.go:47.19,49.6 1 0
github.com/gambarini/flip-shop/internal/route/submit.go:51.5,51.47 1 1
github.com/gambarini/flip-shop/internal/route/submit.go:51.47,53.6 1 0
github.com/gambarini/flip-shop/internal/route/submit.go:55.5,55.48 1 1
github.com/gambarini/flip-shop/internal/route/submit.go:55.48,57.6 1 0
github.com/gambarini/flip-shop/internal/route/submit.go:61.4,63.18 2 1
github.com/gambarini/flip-shop/internal/route/submit.go:63.18,65.5 1 0
github.com/gambarini/flip-shop/internal/route/submit.go:67.4,67.57 1 1
github.com/gambarini/flip-shop/internal/route/submit.go:67.57,69.5 1 0
github.com/gambarini/flip-shop/internal/route/submit.go:71.4,71.14 1 1
github.com/gambarini/flip-shop/internal/route/submit.go:74.3,74.10 1 1
github.com/gambarini/flip-shop/internal/route/submit.go:75.45,77.10 2 0
github.com/gambarini/flip-shop/internal/route/submit.go:78.55,80.10 2 0
github.com/gambarini/flip-shop/internal/route/submit.go:81.60,83.10 2 0
github.com/gambarini/flip-shop/internal/route/submit.go:84.54,86.10 2 0
github.com/gambarini/flip-shop/internal/route/submit.go:87.52,89.10 2 0
github.com/gambarini/flip-shop/internal/route/submit.go:90.46,92.10 2 0
github.com/gambarini/flip-shop/internal/route/submit.go:93.19,95.10 2 1
github.com/gambarini/flip-shop/internal/route/submit.go:98.3,98.55 1 1
github.com/gambarini/flip-shop/internal/route/submit.go:103.97,104.50 1 1
github.com/gambarini/flip-shop/internal/route/submit.go:104.50,106.62 1 1
github.com/gambarini/flip-shop/internal/route/submit.go:106.62,108.4 1 0
github.com/gambarini/flip-shop/internal/route/submit.go:110.3,110.13 1 1
github.com/gambarini/flip-shop/internal/route/submit.go:117.130,118.43 1 1
github.com/gambarini/flip-shop/internal/route/submit.go:118.43,122.17 2 1
github.com/gambarini/flip-shop/internal/route/submit.go:122.17,124.4 1 0
github.com/gambarini/flip-shop/internal/route/submit.go:126.3,126.43 1 1
github.com/gambarini/flip-shop/internal/route/submit.go:126.43,128.4 1 0
github.com/gambarini/flip-shop/internal/route/submit.go:130.3,130.51 1 1
github.com/gambarini/flip-shop/internal/route/submit.go:130.51,132.4 1 0
github.com/gambarini/flip-shop/internal/route/submit.go:134.3,134.46 1 1
github.com/gambarini/flip-shop/internal/route/submit.go:134.46,136.4 1 0
github.com/gambarini/flip-shop/internal/route/submit.go:138.3,138.13 1 1
github.com/gambarini/flip-shop/internal/route/submit.go:142.102,143.60 1 1
github.com/gambarini/flip-shop/internal/route/submit.go:143.60,146.10 2 1
github.com/gambarini/flip-shop/internal/route/submit.go:146.10,148.4 1 1
github.com/gambarini/flip-shop/internal/route/submit.go:150.3,155.10 1 1
github.com/gambarini/flip-shop/cmd/flipshop-mcp/main.go:11.13,17.16 4 0
github.com/gambarini/flip-shop/cmd/flipshop-mcp/main.go:17.16,19.3 1 0
github.com/gambarini/flip-shop/cmd/flipshop-mcp/main.go:22.2,25.52 3 0
github.com/gambarini/flip-shop/main.go:29.13,42.34 3 0
github.com/gambarini/flip-shop/main.go:42.34,49.3 5 0
github.com/gambarini/flip-shop/main.go:51.2,51.68 1 0
github.com/gambarini/flip-shop/main.go:51.68,52.44 1 0
github.com/gambarini/flip-shop/main.go:52.44,54.66 2 0
github.com/gambarini/flip-shop/main.go:54.66,57.5 1 0
github.com/gambarini/flip-shop/main.go:59.4,59.29 1 0
github.com/gambarini/flip-shop/main.go:59.29,60.51 1 0
github.com/gambarini/flip-shop/main.go:60.51,61.14 1 0
github.com/gambarini/flip-shop/main.go:63.5,63.145 1 0
github.com/gambarini/flip-shop/main.go:65.4,65.14 1 0
github.com/gambarini/flip-shop/main.go:67.8,68.44 1 0
github.com/gambarini/flip-shop/main.go:68.44,70.4 1 0
github.com/gambarini/flip-shop/main.go:74.13,76.59 1 0
github.com/gambarini/flip-shop/main.go:76.59,101.17 7 0
github.com/gambarini/flip-shop/main.go:101.17,103.4 1 0
github.com/gambarini/flip-shop/main.go:105.3,105.13 1 0
github.com/gambarini/flip-shop/main.go:108.2,108.56 1 0
github.com/gambarini/flip-shop/main.go:108.56,110.3 1 0
github.com/gambarini/flip-shop/main.go:113.2,114.46 2 0
github.com/gambarini/flip-shop/main.go:114.46,117.14 2 0
github.com/gambarini/flip-shop/main.go:117.14,118.45 1 0
github.com/gambarini/flip-shop/main.go:118.45,120.5 1 0
github.com/gambarini/flip-shop/main.go:122.8,123.44 1 0
github.com/gambarini/flip-shop/main.go:123.44,125.4 1 0
github.com/gambarini/flip-shop/main.go:127.2,128.19 2 0
github.com/gambarini/flip-shop/main.go:128.19,130.3 1 0
github.com/gambarini/flip-shop/main.go:132.2,135.13 3 0
github.com/gambarini/flip-shop/utils/logger.go:24.28,26.2 1 0
github.com/gambarini/flip-shop/utils/logger.go:28.48,30.27 2 0
github.com/gambarini/flip-shop/utils/logger.go:30.27,32.3 1 0
github.com/gambarini/flip-shop/utils/logger.go:33.2,33.27 1 0
github.com/gambarini/flip-shop/utils/logger.go:33.27,35.3 1 0
github.com/gambarini/flip-shop/utils/logger.go:36.2,36.33 1 0
github.com/gambarini/flip-shop/utils/logger.go:39.53,41.2 1 0
github.com/gambarini/flip-shop/utils/logger.go:43.54,45.2 1 0
github.com/gambarini/flip-shop/utils/logger.go:47.59,50.27 2 0
github.com/gambarini/flip-shop/utils/logger.go:50.27,52.3 1 0
github.com/gambarini/flip-shop/utils/logger.go:54.2,54.27 1 0
github.com/gambarini/flip-shop/utils/logger.go:54.27,56.3 1 0
github.com/gambarini/flip-shop/utils/logger.go:57.2,58.16 2 0
github.com/gambarini/flip-shop/utils/logger.go:58.16,62.3 2 0
github.com/gambarini/flip-shop/utils/logger.go:63.2,63.23 1 0
github.com/gambarini/flip-shop/utils/money.go:13.43,14.34 1 0
github.com/gambarini/flip-shop/utils/money.go:14.34,16.3 1 0
github.com/gambarini/flip-shop/utils/money.go:17.2,17.34 1 0
github.com/gambarini/flip-shop/utils/money.go:17.34,19.3 1 0
github.com/gambarini/flip-shop/utils/money.go:20.2,20.14 1 0
github.com/gambarini/flip-shop/utils/money.go:24.43,26.11 1 0
github.com/gambarini/flip-shop/utils/money.go:26.11,28.3 1 0
github.com/gambarini/flip-shop/utils/money.go:29.2,29.14 1 0
github.com/gambarini/flip-shop/utils/money.go:33.43,34.22 1 0
github.com/gambarini/flip-shop/utils/money.go:34.22,36.3 1 0
github.com/gambarini/flip-shop/utils/money.go:38.2,38.20 1 0
github.com/gambarini/flip-shop/utils/money.go:38.20,39.26 1 0
github.com/gambarini/flip-shop/utils/money.go:39.26,41.4 1 0
github.com/gambarini/flip-shop/utils/money.go:42.3,42.15 1 0
github.com/gambarini/flip-shop/utils/money.go:45.2,46.14 2 0
github.com/gambarini/flip-shop/utils/money.go:46.14,48.3 1 0
github.com/gambarini/flip-shop/utils/money.go:49.2,49.13 1 0
github.com/gambarini/flip-shop/utils/money.go:53.50,54.11 1 0
github.com/gambarini/flip-shop/utils/money.go:54.11,57.3 1 0
github.com/gambarini/flip-shop/utils/money.go:58.2,58.40 1 0
github.com/gambarini/flip-shop/utils/server.go:40.37,61.2 4 0
github.com/gambarini/flip-shop/utils/server.go:65.103,73.2 4 0
github.com/gambarini/flip-shop/utils/server.go:75.63,77.2 1 0
github.com/gambarini/flip-shop/utils/server.go:80.39,81.23 1 0
github.com/gambarini/flip-shop/utils/server.go:81.23,83.3 1 0
github.com/gambarini/flip-shop/utils/server.go:84.2,84.19 1 0
github.com/gambarini/flip-shop/utils/server.go:88.43,90.2 1 0
github.com/gambarini/flip-shop/utils/server.go:92.85,99.2 3 0
github.com/gambarini/flip-shop/utils/server.go:101.82,103.54 1 0
github.com/gambarini/flip-shop/utils/server.go:103.54,107.18 3 0
github.com/gambarini/flip-shop/utils/server.go:107.18,108.43 1 0
github.com/gambarini/flip-shop/utils/server.go:108.43,110.5 1 0
github.com/gambarini/flip-shop/utils/server.go:110.10,112.5 1 0
github.com/gambarini/flip-shop/utils/server.go:114.3,120.139 5 0
github.com/gambarini/flip-shop/utils/server.go:124.31,127.2 1 0
github.com/gambarini/flip-shop/utils/server.go:131.57,133.2 1 0
github.com/gambarini/flip-shop/utils/server.go:135.60,141.31 5 0
github.com/gambarini/flip-shop/utils/server.go:141.31,142.49 1 0
github.com/gambarini/flip-shop/utils/server.go:142.49,144.4 1 0
github.com/gambarini/flip-shop/utils/server.go:147.2,152.12 4 0
github.com/gambarini/flip-shop/utils/server.go:152.12,155.34 3 0
github.com/gambarini/flip-shop/utils/server.go:155.34,158.4 1 0
github.com/gambarini/flip-shop/utils/server.go:159.3,159.14 1 0
github.com/gambarini/flip-shop/utils/server.go:163.2,163.9 1 0
github.com/gambarini/flip-shop/utils/server.go:164.14,164.14 0 0
github.com/gambarini/flip-shop/utils/server.go:166.17,166.17 0 0
github.com/gambarini/flip-shop/utils/server.go:168.32,169.17 1 0
github.com/gambarini/flip-shop/utils/server.go:169.17,173.4 2 0
github.com/gambarini/flip-shop/utils/server.go:174.3,174.20 1 0
github.com/gambarini/flip-shop/utils/server.go:175.6,175.6 0 0
github.com/gambarini/flip-shop/utils/server.go:178.2,178.23 1 0
github.com/gambarini/flip-shop/utils/server.go:181.41,185.28 2 0
github.com/gambarini/flip-shop/utils/server.go:185.28,188.17 2 0
github.com/gambarini/flip-shop/utils/server.go:188.17,190.4 1 0
github.com/gambarini/flip-shop/utils/server.go:193.2,200.16 5 0
github.com/gambarini/flip-shop/utils/server.go:200.16,202.3 1 0
github.com/gambarini/flip-shop/utils/server.go:202.8,204.3 1 0
github.com/gambarini/flip-shop/utils/server.go:207.44,210.2 1 0
github.com/gambarini/flip-shop/utils/server.go:213.45,215.2 1 0
github.com/gambarini/flip-shop/utils/server.go:217.90,222.2 4 0
github.com/gambarini/flip-shop/utils/server.go:224.87,229.2 4 0
github.com/gambarini/flip-shop/utils/server.go:231.86,236.2 4 0
github.com/gambarini/flip-shop/utils/server.go:240.85,244.38 4 0
github.com/gambarini/flip-shop/utils/server.go:244.38,247.3 1 0
