mode: set
github.com/gambarini/flip-shop/main.go:29.13,42.34 3 0
github.com/gambarini/flip-shop/main.go:42.34,49.3 5 0
github.com/gambarini/flip-shop/main.go:51.2,51.68 1 0
github.com/gambarini/flip-shop/main.go:51.68,52.44 1 0
github.com/gambarini/flip-shop/main.go:52.44,54.66 2 0
github.com/gambarini/flip-shop/main.go:54.66,57.5 1 0
github.com/gambarini/flip-shop/main.go:59.4,59.29 1 0
github.com/gambarini/flip-shop/main.go:59.29,60.51 1 0
github.com/gambarini/flip-shop/main.go:60.51,61.14 1 0
github.com/gambarini/flip-shop/main.go:63.5,63.145 1 0
github.com/gambarini/flip-shop/main.go:65.4,65.14 1 0
github.com/gambarini/flip-shop/main.go:67.8,68.44 1 0
github.com/gambarini/flip-shop/main.go:68.44,70.4 1 0
github.com/gambarini/flip-shop/main.go:74.13,76.59 1 0
github.com/gambarini/flip-shop/main.go:76.59,101.17 7 0
github.com/gambarini/flip-shop/main.go:101.17,103.4 1 0
github.com/gambarini/flip-shop/main.go:105.3,105.13 1 0
github.com/gambarini/flip-shop/main.go:108.2,108.56 1 0
github.com/gambarini/flip-shop/main.go:108.56,110.3 1 0
github.com/gambarini/flip-shop/main.go:113.2,114.46 2 0
github.com/gambarini/flip-shop/main.go:114.46,117.14 2 0
github.com/gambarini/flip-shop/main.go:117.14,118.45 1 0
github.com/gambarini/flip-shop/main.go:118.45,120.5 1 0
github.com/gambarini/flip-shop/main.go:122.8,123.44 1 0
github.com/gambarini/flip-shop/main.go:123.44,125.4 1 0
github.com/gambarini/flip-shop/main.go:127.2,128.19 2 0
github.com/gambarini/flip-shop/main.go:128.19,130.3 1 0
github.com/gambarini/flip-shop/main.go:132.2,135.13 3 0
github.com/gambarini/flip-shop/utils/logger.go:24.28,26.2 1 0
github.com/gambarini/flip-shop/utils/logger.go:28.48,30.27 2 0
github.com/gambarini/flip-shop/utils/logger.go:30.27,32.3 1 0
github.com/gambarini/flip-shop/utils/logger.go:33.2,33.27 1 0
github.com/gambarini/flip-shop/utils/logger.go:33.27,35.3 1 0
github.com/gambarini/flip-shop/utils/logger.go:36.2,36.33 1 0
github.com/gambarini/flip-shop/utils/logger.go:39.53,41.2 1 0
github.com/gambarini/flip-shop/utils/logger.go:43.54,45.2 1 0
github.com/gambarini/flip-shop/utils/logger.go:47.59,50.27 2 0
github.com/gambarini/flip-shop/utils/logger.go:50.27,52.3 1 0
github.com/gambarini/flip-shop/utils/logger.go:54.2,54.27 1 0
github.com/gambarini/flip-shop/utils/logger.go:54.27,56.3 1 0
github.com/gambarini/flip-shop/utils/logger.go:57.2,58.16 2 0
github.com/gambarini/flip-shop/utils/logger.go:58.16,62.3 2 0
github.com/gambarini/flip-shop/utils/logger.go:63.2,63.23 1 0
github.com/gambarini/flip-shop/utils/money.go:13.43,14.34 1 0
github.com/gambarini/flip-shop/utils/money.go:14.34,16.3 1 0
github.com/gambarini/flip-shop/utils/money.go:17.2,17.34 1 0
github.com/gambarini/flip-shop/utils/money.go:17.34,19.3 1 0
github.com/gambarini/flip-shop/utils/money.go:20.2,20.14 1 0
github.com/gambarini/flip-shop/utils/money.go:24.43,26.11 1 0
github.com/gambarini/flip-shop/utils/money.go:26.11,28.3 1 0
github.com/gambarini/flip-shop/utils/money.go:29.2,29.14 1 0
github.com/gambarini/flip-shop/utils/money.go:33.43,34.22 1 0
github.com/gambarini/flip-shop/utils/money.go:34.22,36.3 1 0
github.com/gambarini/flip-shop/utils/money.go:38.2,38.20 1 0
github.com/gambarini/flip-shop/utils/money.go:38.20,39.26 1 0
github.com/gambarini/flip-shop/utils/money.go:39.26,41.4 1 0
github.com/gambarini/flip-shop/utils/money.go:42.3,42.15 1 0
github.com/gambarini/flip-shop/utils/money.go:45.2,46.14 2 0
github.com/gambarini/flip-shop/utils/money.go:46.14,48.3 1 0
github.com/gambarini/flip-shop/utils/money.go:49.2,49.13 1 0
github.com/gambarini/flip-shop/utils/money.go:53.50,54.11 1 0
github.com/gambarini/flip-shop/utils/money.go:54.11,57.3 1 0
github.com/gambarini/flip-shop/utils/money.go:58.2,58.40 1 0
github.com/gambarini/flip-shop/utils/server.go:39.37,60.2 4 0
github.com/gambarini/flip-shop/utils/server.go:64.103,72.2 4 0
github.com/gambarini/flip-shop/utils/server.go:74.63,76.2 1 0
github.com/gambarini/flip-shop/utils/server.go:79.39,80.23 1 0
github.com/gambarini/flip-shop/utils/server.go:80.23,82.3 1 0
github.com/gambarini/flip-shop/utils/server.go:83.2,83.19 1 0
github.com/gambarini/flip-shop/utils/server.go:87.43,89.2 1 0
github.com/gambarini/flip-shop/utils/server.go:92.85,99.2 3 0
github.com/gambarini/flip-shop/utils/server.go:101.82,103.54 1 0
github.com/gambarini/flip-shop/utils/server.go:103.54,107.18 3 0
github.com/gambarini/flip-shop/utils/server.go:107.18,108.43 1 0
github.com/gambarini/flip-shop/utils/server.go:108.43,110.5 1 0
github.com/gambarini/flip-shop/utils/server.go:110.10,112.5 1 0
github.com/gambarini/flip-shop/utils/server.go:114.3,120.139 5 0
github.com/gambarini/flip-shop/utils/server.go:124.31,127.2 1 0
github.com/gambarini/flip-shop/utils/server.go:131.57,133.2 1 0
github.com/gambarini/flip-shop/utils/server.go:135.60,141.31 5 0
github.com/gambarini/flip-shop/utils/server.go:141.31,142.49 1 0
github.com/gambarini/flip-shop/utils/server.go:142.49,144.4 1 0
github.com/gambarini/flip-shop/utils/server.go:147.2,152.12 4 0
github.com/gambarini/flip-shop/utils/server.go:152.12,155.34 3 0
github.com/gambarini/flip-shop/utils/server.go:155.34,158.4 1 0
github.com/gambarini/flip-shop/utils/server.go:159.3,159.14 1 0
github.com/gambarini/flip-shop/utils/server.go:163.2,163.9 1 0
github.com/gambarini/flip-shop/utils/server.go:164.14,164.14 0 0
github.com/gambarini/flip-shop/utils/server.go:166.17,166.17 0 0
github.com/gambarini/flip-shop/utils/server.go:168.32,169.17 1 0
github.com/gambarini/flip-shop/utils/server.go:169.17,173.4 2 0
github.com/gambarini/flip-shop/utils/server.go:174.3,174.20 1 0
github.com/gambarini/flip-shop/utils/server.go:175.6,175.6 0 0
github.com/gambarini/flip-shop/utils/server.go:178.2,178.23 1 0
github.com/gambarini/flip-shop/utils/server.go:181.41,185.28 2 0
github.com/gambarini/flip-shop/utils/server.go:185.28,188.17 2 0
github.com/gambarini/flip-shop/utils/server.go:188.17,190.4 1 0
github.com/gambarini/flip-shop/utils/server.go:193.2,200.16 5 0
github.com/gambarini/flip-shop/utils/server.go:200.16,202.3 1 0
github.com/gambarini/flip-shop/utils/server.go:202.8,204.3 1 0
github.com/gambarini/flip-shop/utils/server.go:207.44,210.2 1 0
github.com/gambarini/flip-shop/utils/server.go:213.45,215.2 1 0
github.com/gambarini/flip-shop/utils/server.go:217.90,222.2 4 0
github.com/gambarini/flip-shop/utils/server.go:224.87,229.2 4 0
github.com/gambarini/flip-shop/utils/server.go:231.86,236.2 4 0
github.com/gambarini/flip-shop/utils/server.go:240.85,244.38 4 0
github.com/gambarini/flip-shop/utils/server.go:244.38,247.3 1 0
github.com/gambarini/flip-shop/internal/model/item/item.go:33.52,35.53 1 1
github.com/gambarini/flip-shop/internal/model/item/item.go:35.53,37.3 1 1
github.com/gambarini/flip-shop/internal/model/item/item.go:39.2,41.12 2 1
github.com/gambarini/flip-shop/internal/model/item/item.go:45.52,47.34 1 1
github.com/gambarini/flip-shop/internal/model/item/item.go:47.34,49.3 1 1
github.com/gambarini/flip-shop/internal/model/item/item.go:51.2,53.12 2 1
github.com/gambarini/flip-shop/internal/model/item/item.go:57.50,59.33 1 1
github.com/gambarini/flip-shop/internal/model/item/item.go:59.33,61.3 1 1
github.com/gambarini/flip-shop/internal/model/item/item.go:63.2,66.12 3 1
github.com/gambarini/flip-shop/internal/model/cart/cart.go:54.37,63.2 2 0
github.com/gambarini/flip-shop/internal/model/cart/cart.go:67.63,69.41 1 1
github.com/gambarini/flip-shop/internal/model/cart/cart.go:69.41,71.3 1 1
github.com/gambarini/flip-shop/internal/model/cart/cart.go:73.2,75.9 2 1
github.com/gambarini/flip-shop/internal/model/cart/cart.go:75.9,83.3 1 1
github.com/gambarini/flip-shop/internal/model/cart/cart.go:85.2,87.9 2 1
github.com/gambarini/flip-shop/internal/model/cart/cart.go:88.16,89.32 1 1
github.com/gambarini/flip-shop/internal/model/cart/cart.go:90.17,92.13 2 1
github.com/gambarini/flip-shop/internal/model/cart/cart.go:93.16,96.13 3 1
github.com/gambarini/flip-shop/internal/model/cart/cart.go:100.2,100.12 1 0
github.com/gambarini/flip-shop/internal/model/cart/cart.go:104.75,108.9 2 0
github.com/gambarini/flip-shop/internal/model/cart/cart.go:108.9,110.3 1 0
github.com/gambarini/flip-shop/internal/model/cart/cart.go:112.2,116.12 3 0
github.com/gambarini/flip-shop/internal/model/cart/cart.go:120.41,122.41 1 1
github.com/gambarini/flip-shop/internal/model/cart/cart.go:122.41,125.3 1 0
github.com/gambarini/flip-shop/internal/model/cart/cart.go:127.2,127.32 1 1
github.com/gambarini/flip-shop/internal/model/cart/cart.go:127.32,131.3 3 1
github.com/gambarini/flip-shop/internal/model/cart/cart.go:133.2,135.12 2 1
github.com/gambarini/flip-shop/internal/model/promotion/discount.go:19.203,23.9 2 1
github.com/gambarini/flip-shop/internal/model/promotion/discount.go:23.9,25.3 1 0
github.com/gambarini/flip-shop/internal/model/promotion/discount.go:27.2,29.42 2 1
github.com/gambarini/flip-shop/internal/model/promotion/discount.go:29.42,34.14 4 1
github.com/gambarini/flip-shop/internal/model/promotion/discount.go:34.14,36.4 1 0
github.com/gambarini/flip-shop/internal/model/promotion/discount.go:37.3,37.14 1 1
github.com/gambarini/flip-shop/internal/model/promotion/discount.go:37.14,39.4 1 0
github.com/gambarini/flip-shop/internal/model/promotion/discount.go:40.3,40.49 1 1
github.com/gambarini/flip-shop/internal/model/promotion/discount.go:44.2,44.19 1 1
github.com/gambarini/flip-shop/internal/model/promotion/discount.go:44.19,46.3 1 1
github.com/gambarini/flip-shop/internal/model/promotion/discount.go:48.2,50.16 2 1
github.com/gambarini/flip-shop/internal/model/promotion/discount.go:50.16,52.3 1 0
github.com/gambarini/flip-shop/internal/model/promotion/discount.go:54.2,54.12 1 1
github.com/gambarini/flip-shop/internal/model/promotion/free.go:20.181,24.9 2 1
github.com/gambarini/flip-shop/internal/model/promotion/free.go:24.9,26.3 1 1
github.com/gambarini/flip-shop/internal/model/promotion/free.go:28.2,30.16 2 1
github.com/gambarini/flip-shop/internal/model/promotion/free.go:30.16,32.3 1 0
github.com/gambarini/flip-shop/internal/model/promotion/free.go:34.2,38.16 3 1
github.com/gambarini/flip-shop/internal/model/promotion/free.go:38.16,40.3 1 0
github.com/gambarini/flip-shop/internal/model/promotion/free.go:42.2,42.12 1 1
github.com/gambarini/flip-shop/internal/model/promotion/price.go:18.189,22.9 2 1
github.com/gambarini/flip-shop/internal/model/promotion/price.go:22.9,24.3 1 0
github.com/gambarini/flip-shop/internal/model/promotion/price.go:26.2,28.67 2 1
github.com/gambarini/flip-shop/internal/model/promotion/price.go:28.67,31.3 2 1
github.com/gambarini/flip-shop/internal/model/promotion/price.go:33.2,33.19 1 1
github.com/gambarini/flip-shop/internal/model/promotion/price.go:33.19,35.3 1 1
github.com/gambarini/flip-shop/internal/model/promotion/price.go:37.2,39.16 2 1
github.com/gambarini/flip-shop/internal/model/promotion/price.go:39.16,41.3 1 0
github.com/gambarini/flip-shop/internal/model/promotion/price.go:43.2,43.12 1 1
github.com/gambarini/flip-shop/internal/repo/cart.go:37.63,41.2 1 1
github.com/gambarini/flip-shop/internal/repo/cart.go:44.77,48.9 2 1
github.com/gambarini/flip-shop/internal/repo/cart.go:49.37,50.28 1 1
github.com/gambarini/flip-shop/internal/repo/cart.go:51.18,52.16 1 0
github.com/gambarini/flip-shop/internal/repo/cart.go:53.10,54.28 1 1
github.com/gambarini/flip-shop/internal/repo/cart.go:59.72,65.2 2 1
github.com/gambarini/flip-shop/internal/repo/item.go:37.63,41.2 1 1
github.com/gambarini/flip-shop/internal/repo/item.go:44.94,48.9 2 1
github.com/gambarini/flip-shop/internal/repo/item.go:49.37,50.28 1 1
github.com/gambarini/flip-shop/internal/repo/item.go:51.18,52.16 1 0
github.com/gambarini/flip-shop/internal/repo/item.go:53.10,54.28 1 1
github.com/gambarini/flip-shop/internal/repo/item.go:59.72,65.2 2 1
github.com/gambarini/flip-shop/internal/route/cart.go:11.85,13.67 1 1
github.com/gambarini/flip-shop/internal/route/cart.go:13.67,17.50 2 1
github.com/gambarini/flip-shop/internal/route/cart.go:17.50,19.54 1 1
github.com/gambarini/flip-shop/internal/route/cart.go:19.54,21.5 1 0
github.com/gambarini/flip-shop/internal/route/cart.go:23.4,23.14 1 1
github.com/gambarini/flip-shop/internal/route/cart.go:26.3,26.17 1 1
github.com/gambarini/flip-shop/internal/route/cart.go:26.17,31.4 4 0
github.com/gambarini/flip-shop/internal/route/cart.go:33.3,33.57 1 1
github.com/gambarini/flip-shop/internal/route/health.go:11.52,12.54 1 1
github.com/gambarini/flip-shop/internal/route/health.go:12.54,20.3 3 0
github.com/gambarini/flip-shop/internal/route/purchase.go:21.116,23.67 1 1
github.com/gambarini/flip-shop/internal/route/purchase.go:23.67,29.17 3 1
github.com/gambarini/flip-shop/internal/route/purchase.go:29.17,30.35 1 0
github.com/gambarini/flip-shop/internal/route/purchase.go:30.35,33.5 2 0
github.com/gambarini/flip-shop/internal/route/purchase.go:34.4,35.10 2 0
github.com/gambarini/flip-shop/internal/route/purchase.go:38.3,41.47 4 1
github.com/gambarini/flip-shop/internal/route/purchase.go:41.47,44.4 2 0
github.com/gambarini/flip-shop/internal/route/purchase.go:46.3,46.25 1 1
github.com/gambarini/flip-shop/internal/route/purchase.go:46.25,49.4 2 0
github.com/gambarini/flip-shop/internal/route/purchase.go:50.3,50.24 1 1
github.com/gambarini/flip-shop/internal/route/purchase.go:50.24,53.4 2 1
github.com/gambarini/flip-shop/internal/route/purchase.go:55.3,55.49 1 1
github.com/gambarini/flip-shop/internal/route/purchase.go:55.49,59.18 2 1
github.com/gambarini/flip-shop/internal/route/purchase.go:59.18,61.5 1 0
github.com/gambarini/flip-shop/internal/route/purchase.go:63.4,65.18 2 1
github.com/gambarini/flip-shop/internal/route/purchase.go:65.18,67.5 1 1
github.com/gambarini/flip-shop/internal/route/purchase.go:69.4,71.18 2 1
github.com/gambarini/flip-shop/internal/route/purchase.go:71.18,73.5 1 0
github.com/gambarini/flip-shop/internal/route/purchase.go:75.4,75.55 1 1
github.com/gambarini/flip-shop/internal/route/purchase.go:75.55,77.5 1 0
github.com/gambarini/flip-shop/internal/route/purchase.go:79.4,79.51 1 1
github.com/gambarini/flip-shop/internal/route/purchase.go:79.51,81.5 1 0
github.com/gambarini/flip-shop/internal/route/purchase.go:83.4,83.14 1 1
github.com/gambarini/flip-shop/internal/route/purchase.go:86.3,86.10 1 1
github.com/gambarini/flip-shop/internal/route/purchase.go:87.36,89.10 2 0
github.com/gambarini/flip-shop/internal/route/purchase.go:90.51,92.10 2 1
github.com/gambarini/flip-shop/internal/route/purchase.go:93.43,95.10 2 0
github.com/gambarini/flip-shop/internal/route/purchase.go:96.19,98.10 2 0
github.com/gambarini/flip-shop/internal/route/purchase.go:101.3,101.53 1 1
github.com/gambarini/flip-shop/internal/route/remove.go:21.114,23.67 1 1
github.com/gambarini/flip-shop/internal/route/remove.go:23.67,29.17 3 1
github.com/gambarini/flip-shop/internal/route/remove.go:29.17,30.35 1 1
github.com/gambarini/flip-shop/internal/route/remove.go:30.35,33.5 2 1
github.com/gambarini/flip-shop/internal/route/remove.go:34.4,35.10 2 0
github.com/gambarini/flip-shop/internal/route/remove.go:38.3,41.47 4 1
github.com/gambarini/flip-shop/internal/route/remove.go:41.47,44.4 2 0
github.com/gambarini/flip-shop/internal/route/remove.go:45.3,45.25 1 1
github.com/gambarini/flip-shop/internal/route/remove.go:45.25,48.4 2 0
github.com/gambarini/flip-shop/internal/route/remove.go:49.3,49.24 1 1
github.com/gambarini/flip-shop/internal/route/remove.go:49.24,52.4 2 1
github.com/gambarini/flip-shop/internal/route/remove.go:54.3,54.49 1 1
github.com/gambarini/flip-shop/internal/route/remove.go:54.49,58.18 2 1
github.com/gambarini/flip-shop/internal/route/remove.go:58.18,60.5 1 0
github.com/gambarini/flip-shop/internal/route/remove.go:62.4,64.18 2 1
github.com/gambarini/flip-shop/internal/route/remove.go:64.18,66.5 1 0
github.com/gambarini/flip-shop/internal/route/remove.go:68.4,70.18 2 1
github.com/gambarini/flip-shop/internal/route/remove.go:70.18,72.5 1 0
github.com/gambarini/flip-shop/internal/route/remove.go:74.4,74.55 1 1
github.com/gambarini/flip-shop/internal/route/remove.go:74.55,76.5 1 0
github.com/gambarini/flip-shop/internal/route/remove.go:78.4,78.51 1 1
github.com/gambarini/flip-shop/internal/route/remove.go:78.51,80.5 1 0
github.com/gambarini/flip-shop/internal/route/remove.go:82.4,82.14 1 1
github.com/gambarini/flip-shop/internal/route/remove.go:85.3,85.10 1 1
github.com/gambarini/flip-shop/internal/route/remove.go:86.36,88.10 2 0
github.com/gambarini/flip-shop/internal/route/remove.go:89.46,91.10 2 0
github.com/gambarini/flip-shop/internal/route/remove.go:92.43,94.10 2 0
github.com/gambarini/flip-shop/internal/route/remove.go:95.19,97.10 2 0
github.com/gambarini/flip-shop/internal/route/remove.go:100.3,100.53 1 1
github.com/gambarini/flip-shop/internal/route/route.go:11.140,13.79 1 1
github.com/gambarini/flip-shop/internal/route/route.go:13.79,15.3 1 0
github.com/gambarini/flip-shop/internal/route/route.go:16.2,16.106 1 1
github.com/gambarini/flip-shop/internal/route/route.go:16.106,18.3 1 0
github.com/gambarini/flip-shop/internal/route/route.go:19.2,19.107 1 1
github.com/gambarini/flip-shop/internal/route/route.go:19.107,21.3 1 0
github.com/gambarini/flip-shop/internal/route/route.go:22.2,22.124 1 1
github.com/gambarini/flip-shop/internal/route/route.go:22.124,24.3 1 0
github.com/gambarini/flip-shop/internal/route/route.go:25.2,25.68 1 1
github.com/gambarini/flip-shop/internal/route/route.go:25.68,27.3 1 0
github.com/gambarini/flip-shop/internal/route/route.go:29.2,29.12 1 1
github.com/gambarini/flip-shop/internal/route/submit.go:14.148,16.67 1 1
github.com/gambarini/flip-shop/internal/route/submit.go:16.67,22.17 3 1
github.com/gambarini/flip-shop/internal/route/submit.go:22.17,23.35 1 0
github.com/gambarini/flip-shop/internal/route/submit.go:23.35,26.5 2 0
github.com/gambarini/flip-shop/internal/route/submit.go:27.4,28.10 2 0
github.com/gambarini/flip-shop/internal/route/submit.go:31.3,31.49 1 1
github.com/gambarini/flip-shop/internal/route/submit.go:31.49,33.33 1 1
github.com/gambarini/flip-shop/internal/route/submit.go:33.33,37.65 1 1
github.com/gambarini/flip-shop/internal/route/submit.go:37.65,39.6 1 1
github.com/gambarini/flip-shop/internal/route/submit.go:42.4,42.44 1 1
github.com/gambarini/flip-shop/internal/route/submit.go:42.44,46.19 2 1
github.com/gambarini/flip-shop/internal/route/submit.go:46.19,48.6 1 0
github.com/gambarini/flip-shop/internal/route/submit.go:50.5,50.47 1 1
github.com/gambarini/flip-shop/internal/route/submit.go:50.47,52.6 1 0
github.com/gambarini/flip-shop/internal/route/submit.go:54.5,54.48 1 1
github.com/gambarini/flip-shop/internal/route/submit.go:54.48,56.6 1 0
github.com/gambarini/flip-shop/internal/route/submit.go:60.4,62.18 2 1
github.com/gambarini/flip-shop/internal/route/submit.go:62.18,64.5 1 0
github.com/gambarini/flip-shop/internal/route/submit.go:66.4,66.57 1 1
github.com/gambarini/flip-shop/internal/route/submit.go:66.57,68.5 1 0
github.com/gambarini/flip-shop/internal/route/submit.go:70.4,70.14 1 1
github.com/gambarini/flip-shop/internal/route/submit.go:73.3,73.10 1 1
github.com/gambarini/flip-shop/internal/route/submit.go:74.36,76.10 2 0
github.com/gambarini/flip-shop/internal/route/submit.go:77.46,79.10 2 0
github.com/gambarini/flip-shop/internal/route/submit.go:80.51,82.10 2 0
github.com/gambarini/flip-shop/internal/route/submit.go:83.45,85.10 2 0
github.com/gambarini/flip-shop/internal/route/submit.go:86.43,88.10 2 0
github.com/gambarini/flip-shop/internal/route/submit.go:89.37,91.10 2 0
github.com/gambarini/flip-shop/internal/route/submit.go:92.19,94.10 2 1
github.com/gambarini/flip-shop/internal/route/submit.go:97.3,97.55 1 1
github.com/gambarini/flip-shop/internal/route/submit.go:102.97,103.50 1 1
github.com/gambarini/flip-shop/internal/route/submit.go:103.50,105.62 1 1
github.com/gambarini/flip-shop/internal/route/submit.go:105.62,107.4 1 0
github.com/gambarini/flip-shop/internal/route/submit.go:109.3,109.13 1 1
github.com/gambarini/flip-shop/internal/route/submit.go:116.130,117.43 1 1
github.com/gambarini/flip-shop/internal/route/submit.go:117.43,121.17 2 1
github.com/gambarini/flip-shop/internal/route/submit.go:121.17,123.4 1 0
github.com/gambarini/flip-shop/internal/route/submit.go:125.3,125.43 1 1
github.com/gambarini/flip-shop/internal/route/submit.go:125.43,127.4 1 0
github.com/gambarini/flip-shop/internal/route/submit.go:129.3,129.51 1 1
github.com/gambarini/flip-shop/internal/route/submit.go:129.51,131.4 1 0
github.com/gambarini/flip-shop/internal/route/submit.go:133.3,133.46 1 1
github.com/gambarini/flip-shop/internal/route/submit.go:133.46,135.4 1 0
github.com/gambarini/flip-shop/internal/route/submit.go:137.3,137.13 1 1
github.com/gambarini/flip-shop/internal/route/submit.go:141.102,142.60 1 1
github.com/gambarini/flip-shop/internal/route/submit.go:142.60,145.10 2 1
github.com/gambarini/flip-shop/internal/route/submit.go:145.10,147.4 1 1
github.com/gambarini/flip-shop/internal/route/submit.go:149.3,154.10 1 1
github.com/gambarini/flip-shop/utils/memdb/memdb.go:33.46,38.2 1 0
github.com/gambarini/flip-shop/utils/memdb/memdb.go:41.47,43.2 1 0
github.com/gambarini/flip-shop/utils/memdb/memdb.go:45.88,47.9 2 1
github.com/gambarini/flip-shop/utils/memdb/memdb.go:47.9,49.3 1 1
github.com/gambarini/flip-shop/utils/memdb/memdb.go:50.2,50.15 1 1
github.com/gambarini/flip-shop/utils/memdb/memdb.go:53.77,54.33 1 1
github.com/gambarini/flip-shop/utils/memdb/memdb.go:54.33,56.3 1 1
github.com/gambarini/flip-shop/utils/memdb/memdb.go:57.2,57.24 1 1
github.com/gambarini/flip-shop/utils/memdb/memdb.go:64.107,66.29 2 1
github.com/gambarini/flip-shop/utils/memdb/memdb.go:66.29,68.24 2 1
github.com/gambarini/flip-shop/utils/memdb/memdb.go:68.24,70.4 1 1
github.com/gambarini/flip-shop/utils/memdb/memdb.go:71.3,71.22 1 1
github.com/gambarini/flip-shop/utils/memdb/memdb.go:73.2,73.13 1 1
github.com/gambarini/flip-shop/utils/memdb/memdb.go:76.70,86.38 5 1
github.com/gambarini/flip-shop/utils/memdb/memdb.go:86.38,89.3 1 1
github.com/gambarini/flip-shop/utils/memdb/memdb.go:92.2,93.12 2 1
github.com/gambarini/flip-shop/utils/memdb/memdb.go:96.96,100.9 4 1
github.com/gambarini/flip-shop/utils/memdb/memdb.go:100.9,102.3 1 1
github.com/gambarini/flip-shop/utils/memdb/memdb.go:103.2,103.15 1 1
